c:\users\nicku\source\repos\consoleapplication5\consoleapplication5\debug\vc142.pdb
c:\users\nicku\source\repos\consoleapplication5\consoleapplication5\debug\vc142.idb
c:\users\nicku\source\repos\consoleapplication5\consoleapplication5\debug\person.obj
c:\users\nicku\source\repos\consoleapplication5\consoleapplication5\debug\driver.obj
c:\users\nicku\source\repos\consoleapplication5\consoleapplication5\debug\consoleapplication5.obj
c:\users\nicku\source\repos\consoleapplication5\consoleapplication5\debug\source.obj
c:\users\nicku\source\repos\consoleapplication5\consoleapplication5\debug\seat.obj
c:\users\nicku\source\repos\consoleapplication5\consoleapplication5\debug\row.obj
c:\users\nicku\source\repos\consoleapplication5\consoleapplication5\debug\passenger.obj
c:\users\nicku\source\repos\consoleapplication5\consoleapplication5\debug\bus.obj
c:\users\nicku\source\repos\consoleapplication5\consoleapplication5\debug\vcpkg.applocal.log
c:\users\nicku\source\repos\consoleapplication5\debug\consoleapplication5.exe
c:\users\nicku\source\repos\consoleapplication5\debug\consoleapplication5.ilk
c:\users\nicku\source\repos\consoleapplication5\debug\consoleapplication5.pdb
c:\users\nicku\source\repos\consoleapplication5\consoleapplication5\debug\nativecodeanalysis.read.1.tlog
c:\users\nicku\source\repos\consoleapplication5\consoleapplication5\debug\consoleapplication5.nativecodeanalysis.xml
c:\users\nicku\source\repos\consoleapplication5\consoleapplication5\debug\vc.nativecodeanalysis.all.xml
c:\users\nicku\source\repos\consoleapplication5\debug\consoleapplication5.exe.lastcodeanalysissucceeded
c:\users\nicku\source\repos\consoleapplication5\consoleapplication5\debug\consolea.ea75cf5b.tlog\cl.command.1.tlog
c:\users\nicku\source\repos\consoleapplication5\consoleapplication5\debug\consolea.ea75cf5b.tlog\cl.read.1.tlog
c:\users\nicku\source\repos\consoleapplication5\consoleapplication5\debug\consolea.ea75cf5b.tlog\cl.write.1.tlog
c:\users\nicku\source\repos\consoleapplication5\consoleapplication5\debug\consolea.ea75cf5b.tlog\consoleapplication5.write.1u.tlog
c:\users\nicku\source\repos\consoleapplication5\consoleapplication5\debug\consolea.ea75cf5b.tlog\link.command.1.tlog
c:\users\nicku\source\repos\consoleapplication5\consoleapplication5\debug\consolea.ea75cf5b.tlog\link.read.1.tlog
c:\users\nicku\source\repos\consoleapplication5\consoleapplication5\debug\consolea.ea75cf5b.tlog\link.write.1.tlog
